c:\users\wang\source\repos\opengl\opengl\x64\release\vc142.pdb
c:\users\wang\source\repos\opengl\opengl\x64\release\vc142.idb
c:\users\wang\source\repos\opengl\opengl\x64\release\commandbuffer.obj
c:\users\wang\source\repos\opengl\opengl\x64\release\ilog.obj
c:\users\wang\source\repos\opengl\opengl\x64\release\directionallight.obj
c:\users\wang\source\repos\opengl\opengl\x64\release\materiallibrary.obj
c:\users\wang\source\repos\opengl\opengl\x64\release\quad.obj
c:\users\wang\source\repos\opengl\opengl\x64\release\pbr_capture.obj
c:\users\wang\source\repos\opengl\opengl\x64\release\meshloader.obj
c:\users\wang\source\repos\opengl\opengl\x64\release\device.obj
c:\users\wang\source\repos\opengl\opengl\x64\release\driver.obj
c:\users\wang\source\repos\opengl\opengl\x64\release\inputmanager.obj
c:\users\wang\source\repos\opengl\opengl\x64\release\timemanager.obj
c:\users\wang\source\repos\opengl\opengl\x64\release\materialloader.obj
c:\users\wang\source\repos\opengl\opengl\x64\release\cube.obj
c:\users\wang\source\repos\opengl\opengl\x64\release\math.obj
c:\users\wang\source\repos\opengl\opengl\x64\release\globalcontext.obj
c:\users\wang\source\repos\opengl\opengl\x64\release\configmanager.obj
c:\users\wang\source\repos\opengl\opengl\x64\release\flycamera.obj
c:\users\wang\source\repos\opengl\opengl\x64\release\camerafrustum.obj
c:\users\wang\source\repos\opengl\opengl\x64\release\camera.obj
c:\users\wang\source\repos\opengl\opengl\x64\release\glfwwindow.obj
c:\users\wang\source\repos\opengl\opengl\x64\release\window.obj
c:\users\wang\source\repos\opengl\opengl\x64\release\sphere.obj
c:\users\wang\source\repos\opengl\opengl\x64\release\textureloader.obj
c:\users\wang\source\repos\opengl\opengl\x64\release\source.obj
c:\users\wang\source\repos\opengl\opengl\x64\release\shaderloader.obj
c:\users\wang\source\repos\opengl\opengl\x64\release\scenenode.obj
c:\users\wang\source\repos\opengl\opengl\x64\release\scene.obj
c:\users\wang\source\repos\opengl\opengl\x64\release\texturecube.obj
c:\users\wang\source\repos\opengl\opengl\x64\release\texture.obj
c:\users\wang\source\repos\opengl\opengl\x64\release\eshader.obj
c:\users\wang\source\repos\opengl\opengl\x64\release\resourcemanager.obj
c:\users\wang\source\repos\opengl\opengl\x64\release\rendertarget.obj
c:\users\wang\source\repos\opengl\opengl\x64\release\renderer.obj
c:\users\wang\source\repos\opengl\opengl\x64\release\postprocess.obj
c:\users\wang\source\repos\opengl\opengl\x64\release\model.obj
c:\users\wang\source\repos\opengl\opengl\x64\release\mesh.obj
c:\users\wang\source\repos\opengl\opengl\x64\release\material.obj
c:\users\wang\source\repos\opengl\opengl\x64\release\aabb.obj
c:\users\wang\source\repos\opengl\opengl\x64\release\glcache.obj
c:\users\wang\source\repos\opengl\opengl\x64\release\opengl.tlog\cl.command.1.tlog
c:\users\wang\source\repos\opengl\opengl\x64\release\opengl.tlog\cl.read.1.tlog
c:\users\wang\source\repos\opengl\opengl\x64\release\opengl.tlog\cl.write.1.tlog
